*** Starting uWSGI 2.0.19.1 (64bit) on [Tue Jan  5 15:55:27 2021] ***
compiled with version: 9.3.0 on 05 January 2021 15:49:46
os: Linux-4.19.128-microsoft-standard #1 SMP Tue Jun 23 12:58:10 UTC 2020
nodename: bf19b47a17b2
machine: x86_64
clock source: unix
detected number of CPU cores: 4
current working directory: /opt/app
detected binary path: /usr/local/bin/uwsgi
!!! no internal routing support, rebuild with pcre support !!!
uWSGI running as root, you can use --uid/--gid/--chroot options
*** WARNING: you are running uWSGI as root !!! (use the --uid flag) *** 
chdir() to /opt/app
your memory page size is 4096 bytes
detected max file descriptor number: 1048576
!!! no /etc/mime.types file found !!!
lock engine: pthread robust mutexes
thunder lock: disabled (you can enable it with --thunder-lock)
uWSGI http bound on :8000 fd 7
uwsgi socket 0 bound to TCP address 127.0.0.1:34117 (port auto-assigned) fd 6
uWSGI running as root, you can use --uid/--gid/--chroot options
*** WARNING: you are running uWSGI as root !!! (use the --uid flag) *** 
Python version: 3.6.12 (default, Dec 17 2020, 08:36:10)  [GCC 9.3.0]
Python main interpreter initialized at 0x563311c22d80
uWSGI running as root, you can use --uid/--gid/--chroot options
*** WARNING: you are running uWSGI as root !!! (use the --uid flag) *** 
python threads support enabled
your server socket listen backlog is limited to 100 connections
your mercy for graceful operations on workers is 60 seconds
mapped 166688 bytes (162 KB) for 2 cores
*** Operational MODE: threaded ***
WSGI app 0 (mountpoint='') ready in 1 seconds on interpreter 0x563311c22d80 pid: 44 (default app)
uWSGI running as root, you can use --uid/--gid/--chroot options
*** WARNING: you are running uWSGI as root !!! (use the --uid flag) *** 
*** uWSGI is running in multiple interpreter mode ***
spawned uWSGI master process (pid: 44)
spawned uWSGI worker 1 (pid: 49, cores: 2)
*** Stats server enabled on :9191 fd: 18 ***
spawned uWSGI http 1 (pid: 50)
[pid: 49|app: 0|req: 1/1] 172.17.0.1 () {50 vars in 934 bytes} [Tue Jan  5 15:55:50 2021] GET / => generated 614 bytes in 62 msecs (HTTP/1.1 200) 5 headers in 166 bytes (1 switches on core 0)
[pid: 49|app: 0|req: 2/2] 172.17.0.1 () {42 vars in 673 bytes} [Tue Jan  5 15:55:51 2021] GET /static/sockjs.js.map => generated 179 bytes in 11 msecs (HTTP/1.1 404) 5 headers in 158 bytes (1 switches on core 1)
SIGINT/SIGQUIT received...killing workers...
gateway "uWSGI http 1" has been buried (pid: 50)
worker 1 buried after 1 seconds
goodbye to uWSGI.
